<?xml version="1.0" encoding="UTF-8"?>
<!-- Generated by org.testng.reporters.JUnitReportReporter -->
<testsuite hostname="IBM-965GDN3" failures="0" tests="18" name="com.ibm.Test.CustomerOnboardingSBC" time="652.351" errors="0" timestamp="27 Dec 2023 06:49:03 GMT" skipped="0">
  <testcase classname="com.ibm.Test.CustomerOnboardingSBC" name="TC01_EnterLoginInfo" time="26.836"/>
  <testcase classname="com.ibm.Test.CustomerOnboardingSBC" name="TC02_NavigateToContactTab" time="3.336"/>
  <testcase classname="com.ibm.Test.CustomerOnboardingSBC" name="TC03_createNewContact" time="2.447"/>
  <testcase classname="com.ibm.Test.CustomerOnboardingSBC" name="TC04_enterNewCustomerInformation" time="1.931"/>
  <testcase classname="com.ibm.Test.CustomerOnboardingSBC" name="TC05_addNewAddress" time="14.246"/>
  <testcase classname="com.ibm.Test.CustomerOnboardingSBC" name="TC06_addIdentitiesForNewCustomer" time="8.028"/>
  <testcase classname="com.ibm.Test.CustomerOnboardingSBC" name="TC08_enterBPLForNewCustomer" time="5.318"/>
  <testcase classname="com.ibm.Test.CustomerOnboardingSBC" name="TC09_enterPhoneForNewCustomer" time="0.000"/>
  <testcase classname="com.ibm.Test.CustomerOnboardingSBC" name="TC09_performContactDedup" time="13.615"/>
  <testcase classname="com.ibm.Test.CustomerOnboardingSBC" name="TC11_createNewRealationShip" time="48.023"/>
  <testcase classname="com.ibm.Test.CustomerOnboardingSBC" name="TC12_relationShipDrillDownAndSetScheme" time="33.694"/>
  <testcase classname="com.ibm.Test.CustomerOnboardingSBC" name="TC13_navigateToDocumentAndCreateDocument" time="69.300"/>
  <testcase classname="com.ibm.Test.CustomerOnboardingSBC" name="TC14_createdLineItems" time="32.955"/>
  <testcase classname="com.ibm.Test.CustomerOnboardingSBC" name="TC15_submitDocument" time="234.373"/>
  <testcase classname="com.ibm.Test.CustomerOnboardingSBC" name="TC16_invoiceDocument" time="57.458"/>
  <testcase classname="com.ibm.Test.CustomerOnboardingSBC" name="TC17_verifyInstallation" time="88.081"/>
  <testcase classname="com.ibm.Test.CustomerOnboardingSBC" name="TC18_verifyRelationshipStatus" time="12.694"/>
  <testcase classname="com.ibm.Test.CustomerOnboardingSBC" name="TC19_verifyProductsAndAssetsAndInventoryTransactionsOfDocuments" time="0.016"/>
</testsuite> <!-- com.ibm.Test.CustomerOnboardingSBC -->
