<?xml version="1.0" encoding="UTF-8"?>
<!-- Generated by org.testng.reporters.JUnitReportReporter -->
<testsuite hostname="DESKTOP-1AD5FCD" failures="0" tests="16" name="com.ibm.Mobile.Test.CreateRefillFromMobile" time="347.688" errors="0" timestamp="2022-04-25T13:35:11 IST" skipped="0">
  <testcase classname="com.ibm.Mobile.Test.CreateRefillFromMobile" name="TC03_2_closeEmulator" time="5.125"/>
  <system-out/>
  <testcase classname="com.ibm.Mobile.Test.CreateRefillFromMobile" name="TC12_CompleteOrder" time="44.717"/>
  <system-out>
About to click on the : Disable DAC About to click on the : Invoice About to click on the : Open About to click on the : Open  </system-out>
  <testcase classname="com.ibm.Mobile.Test.CreateRefillFromMobile" name="TC06_RelationShipDrillDown" time="2.583"/>
  <system-out>
About to click on the : 7200000000012316  </system-out>
  <testcase classname="com.ibm.Mobile.Test.CreateRefillFromMobile" name="TC05_SearchForRelationShip" time="10.805"/>
  <system-out>
About to click on the : Relationships About to click on the : Relationships:Query About to click on the : Relationships:Go  </system-out>
  <testcase classname="com.ibm.Mobile.Test.CreateRefillFromMobile" name="TC04_NavigateToContactTab" time="39.847"/>
  <system-out>
About to click on the : Sign In  </system-out>
  <testcase classname="com.ibm.Mobile.Test.CreateRefillFromMobile" name="TC10_CreateInvoice" time="26.825"/>
  <system-out>
About to click on the : Create Invoice  </system-out>
  <testcase classname="com.ibm.Mobile.Test.CreateRefillFromMobile" name="TC01_SetUpEmulatorSession" time="57.412"/>
  <system-out/>
  <testcase classname="com.ibm.Mobile.Test.CreateRefillFromMobile" name="TC14_verifyPaymentsTab" time="1.452"/>
  <system-out>
About to click on the : Payments  </system-out>
  <testcase classname="com.ibm.Mobile.Test.CreateRefillFromMobile" name="TC07_CreateDefaultOrder" time="0.600"/>
  <system-out>
About to click on the : 2-100000058452  </system-out>
  <testcase classname="com.ibm.Mobile.Test.CreateRefillFromMobile" name="TC00_LaunchEmulator" time="5.381"/>
  <system-out/>
  <testcase classname="com.ibm.Mobile.Test.CreateRefillFromMobile" name="TC08_VerifyOrderDeatils" time="1.558"/>
  <system-out/>
  <testcase classname="com.ibm.Mobile.Test.CreateRefillFromMobile" name="TC09_EnterDeliveryBoyInformation" time="11.507"/>
  <system-out>
About to click on the : Kaura About to click on the : OK  </system-out>
  <testcase classname="com.ibm.Mobile.Test.CreateRefillFromMobile" name="TC03_1_orderCylinerFromApp" time="92.020"/>
  <system-out>
About to click on the :  About to click on the : ORDER NOW About to click on the : ORDER NO. #2-100000058452 About to click on the : I agree with About to click on the : PAY NOW About to click on the : CC Avenue About to click on the : PAY NOW About to click on the : NEXT About to click on the : PAY NOW About to click on the : Net Banking About to click on the : AvenuesTest About to click on the : Pay 	â‚¹ 302.0 About to click on the : Return To the Merchant Site About to click on the : GO TO HOME SCREEN  </system-out>
  <testcase classname="com.ibm.Mobile.Test.CreateRefillFromMobile" name="TC11_VerifyOrderDeatils" time="0.311"/>
  <system-out/>
  <testcase classname="com.ibm.Mobile.Test.CreateRefillFromMobile" name="TC13_verifyInvertoryTransaction" time="1.680"/>
  <system-out>
About to click on the : Inventory Transactions  </system-out>
  <testcase classname="com.ibm.Mobile.Test.CreateRefillFromMobile" name="TC02_loginToMobileApp" time="45.865"/>
  <system-out>
About to click on the : New Connection About to click on the : LOG IN About to click on the : LOGIN NOW  </system-out>
</testsuite> <!-- com.ibm.Mobile.Test.CreateRefillFromMobile -->
