<?xml version="1.0" encoding="UTF-8"?>
<!-- Generated by org.testng.reporters.JUnitReportReporter -->
<testsuite hostname="DESKTOP-1AD5FCD" failures="0" tests="7" name="com.ibm.Mobile.Test.SR.MobileUpdateSR" time="183.014" errors="1" timestamp="2022-04-06T21:47:56 IST" skipped="0">
  <testcase classname="com.ibm.Mobile.Test.SR.MobileUpdateSR" name="TC00_LaunchEmulator" time="10.373"/>
  <system-out/>
  <testcase classname="com.ibm.Mobile.Test.SR.MobileUpdateSR" name="TC02_loginToMobileApp" time="40.574"/>
  <system-out>
About to click on the : New Connection About to click on the : LOG IN About to click on the : LOGIN NOW  </system-out>
  <testcase classname="com.ibm.Mobile.Test.SR.MobileUpdateSR" name="TC03_createMobileUpdateSR" time="34.895"/>
  <system-out>
About to click on the :  About to click on the : My Profile About to click on the : EDIT PROFILE About to click on the : SAVE About to click on the : DONE About to click on the : GO TO HOMEPAGE  </system-out>
  <testcase classname="com.ibm.Mobile.Test.SR.MobileUpdateSR" name="TC01_SetUpEmulatorSession" time="46.981"/>
  <system-out/>
  <testcase classname="com.ibm.Mobile.Test.SR.MobileUpdateSR" name="TC04_closeEmulator" time="0.003">
    <error message="Cannot invoke &quot;io.appium.java_client.AppiumDriver.removeApp(String)&quot; because &quot;this.mobileDriver&quot; is null" type="java.lang.NullPointerException">
      <![CDATA[java.lang.NullPointerException: Cannot invoke "io.appium.java_client.AppiumDriver.removeApp(String)" because "this.mobileDriver" is null
at com.ibm.automation.TestSessionInitiator.closeMobileSession(TestSessionInitiator.java:208)
at com.ibm.Mobile.Test.SR.MobileUpdateSR.TC04_closeEmulator(MobileUpdateSR.java:63)
at java.base/jdk.internal.reflect.NativeMethodAccessorImpl.invoke0(Native Method)
at java.base/jdk.internal.reflect.NativeMethodAccessorImpl.invoke(NativeMethodAccessorImpl.java:77)
at java.base/jdk.internal.reflect.DelegatingMethodAccessorImpl.invoke(DelegatingMethodAccessorImpl.java:43)
at java.base/java.lang.reflect.Method.invoke(Method.java:568)
at org.testng.internal.MethodInvocationHelper.invokeMethod(MethodInvocationHelper.java:134)
at org.testng.internal.TestInvoker.invokeMethod(TestInvoker.java:597)
at org.testng.internal.TestInvoker.invokeTestMethod(TestInvoker.java:173)
at org.testng.internal.MethodRunner.runInSequence(MethodRunner.java:46)
at org.testng.internal.TestInvoker$MethodInvocationAgent.invoke(TestInvoker.java:816)
at org.testng.internal.TestInvoker.invokeTestMethods(TestInvoker.java:146)
at org.testng.internal.TestMethodWorker.invokeTestMethods(TestMethodWorker.java:146)
at org.testng.internal.TestMethodWorker.run(TestMethodWorker.java:128)
at java.base/java.util.ArrayList.forEach(ArrayList.java:1511)
at org.testng.TestRunner.privateRun(TestRunner.java:766)
at org.testng.TestRunner.run(TestRunner.java:587)
at org.testng.SuiteRunner.runTest(SuiteRunner.java:384)
at org.testng.SuiteRunner.runSequentially(SuiteRunner.java:378)
at org.testng.SuiteRunner.privateRun(SuiteRunner.java:337)
at org.testng.SuiteRunner.run(SuiteRunner.java:286)
at org.testng.SuiteRunnerWorker.runSuite(SuiteRunnerWorker.java:53)
at org.testng.SuiteRunnerWorker.run(SuiteRunnerWorker.java:96)
at org.testng.TestNG.runSuitesSequentially(TestNG.java:1187)
at org.testng.TestNG.runSuitesLocally(TestNG.java:1109)
at org.testng.TestNG.runSuites(TestNG.java:1039)
at org.testng.TestNG.run(TestNG.java:1007)
at org.testng.remote.AbstractRemoteTestNG.run(AbstractRemoteTestNG.java:115)
at org.testng.remote.RemoteTestNG.initAndRun(RemoteTestNG.java:251)
at org.testng.remote.RemoteTestNG.main(RemoteTestNG.java:77)
]]>
    </error>
  </testcase> <!-- TC04_closeEmulator -->
  <system-out/>
  <testcase classname="com.ibm.Mobile.Test.SR.MobileUpdateSR" name="TC04_NavigateToContactTab" time="39.698"/>
  <system-out>
About to click on the : Sign In About to click on the : Contacts  </system-out>
  <testcase classname="com.ibm.Mobile.Test.SR.MobileUpdateSR" name="TC05_SearchForRelationShip" time="10.490"/>
  <system-out>
About to click on the : Relationships About to click on the : Relationships:Query About to click on the : Relationships:Go  </system-out>
</testsuite> <!-- com.ibm.Mobile.Test.SR.MobileUpdateSR -->
