<?xml version="1.0" encoding="UTF-8"?>
<!-- Generated by org.testng.reporters.JUnitReportReporter -->
<testsuite hostname="IBM-965GDN3" failures="0" tests="5" name="com.ibm.Test.PetChem.PRApproval" time="2.129" errors="1" timestamp="20 Dec 2023 07:35:38 GMT" skipped="4">
  <testcase classname="com.ibm.Test.PetChem.PRApproval" name="TC02_purchaseScreenNavigation" time="0.001">
    <skipped/>
  </testcase> <!-- TC02_purchaseScreenNavigation -->
  <testcase classname="com.ibm.Test.PetChem.PRApproval" name="TC03_queryPR" time="0.000">
    <skipped/>
  </testcase> <!-- TC03_queryPR -->
  <testcase classname="com.ibm.Test.PetChem.PRApproval" name="TC00_SetUp" time="2.128">
    <error message="Unresolved compilation problems: 
	The type java.util.regex.Pattern cannot be resolved. It is indirectly referenced from required .class files
	The import java.util.regex.Pattern cannot be resolved
	Pattern cannot be resolved to a type
	Pattern cannot be resolved
" type="java.lang.Error">
      <![CDATA[java.lang.Error: Unresolved compilation problems: 
The type java.util.regex.Pattern cannot be resolved. It is indirectly referenced from required .class files
The import java.util.regex.Pattern cannot be resolved
Pattern cannot be resolved to a type
Pattern cannot be resolved

at com.ibm.Actions.ProfileServiceRequestAction.<init>(ProfileServiceRequestAction.java:1)
at com.ibm.automation.TestSessionInitiator._initPage(TestSessionInitiator.java:116)
at com.ibm.automation.TestSessionInitiator.testInitiator(TestSessionInitiator.java:159)
at com.ibm.automation.TestSessionInitiator.<init>(TestSessionInitiator.java:130)
at com.ibm.Test.PetChem.PRApproval.TC00_SetUp(PRApproval.java:39)
at java.base/jdk.internal.reflect.NativeMethodAccessorImpl.invoke0(Native Method)
at java.base/jdk.internal.reflect.NativeMethodAccessorImpl.invoke(NativeMethodAccessorImpl.java:77)
at java.base/jdk.internal.reflect.DelegatingMethodAccessorImpl.invoke(DelegatingMethodAccessorImpl.java:43)
at java.base/java.lang.reflect.Method.invoke(Method.java:568)
at org.testng.internal.MethodInvocationHelper.invokeMethod(MethodInvocationHelper.java:124)
at org.testng.internal.MethodInvocationHelper.invokeMethodConsideringTimeout(MethodInvocationHelper.java:59)
at org.testng.internal.Invoker.invokeConfigurationMethod(Invoker.java:458)
at org.testng.internal.Invoker.invokeConfigurations(Invoker.java:222)
at org.testng.internal.Invoker.invokeConfigurations(Invoker.java:142)
at org.testng.internal.TestMethodWorker.invokeBeforeClassMethods(TestMethodWorker.java:168)
at org.testng.internal.TestMethodWorker.run(TestMethodWorker.java:105)
at org.testng.TestRunner.privateRun(TestRunner.java:648)
at org.testng.TestRunner.run(TestRunner.java:505)
at org.testng.SuiteRunner.runTest(SuiteRunner.java:455)
at org.testng.SuiteRunner.runSequentially(SuiteRunner.java:450)
at org.testng.SuiteRunner.privateRun(SuiteRunner.java:415)
at org.testng.SuiteRunner.run(SuiteRunner.java:364)
at org.testng.SuiteRunnerWorker.runSuite(SuiteRunnerWorker.java:52)
at org.testng.SuiteRunnerWorker.run(SuiteRunnerWorker.java:84)
at org.testng.TestNG.runSuitesSequentially(TestNG.java:1208)
at org.testng.TestNG.runSuitesLocally(TestNG.java:1137)
at org.testng.TestNG.runSuites(TestNG.java:1049)
at org.testng.TestNG.run(TestNG.java:1017)
at org.testng.remote.AbstractRemoteTestNG.run(AbstractRemoteTestNG.java:115)
at org.testng.remote.RemoteTestNG.initAndRun(RemoteTestNG.java:251)
at org.testng.remote.RemoteTestNG.main(RemoteTestNG.java:77)
]]>
    </error>
  </testcase> <!-- TC00_SetUp -->
  <testcase classname="com.ibm.Test.PetChem.PRApproval" name="TC01_loginToFO" time="0.000">
    <skipped/>
  </testcase> <!-- TC01_loginToFO -->
  <testcase classname="com.ibm.Test.PetChem.PRApproval" name="TC04_PRApproval" time="0.000">
    <skipped/>
  </testcase> <!-- TC04_PRApproval -->
</testsuite> <!-- com.ibm.Test.PetChem.PRApproval -->
